<?xml version="1.0" encoding="UTF-8"?>
<testng-results ignored="0" total="3" passed="3" failed="0" skipped="0">
  <reporter-output>
  </reporter-output>
  <suite started-at="2026-07-07T14:51:19 IST" name="Only event hub" finished-at="2026-07-07T14:51:37 IST" duration-ms="18080">
    <groups>
    </groups>
    <test started-at="2026-07-07T14:51:19 IST" name="Just event hub" finished-at="2026-07-07T14:51:37 IST" duration-ms="18080">
      <class name="eventhub.testcases.LoginAndRegisterFlow">
        <test-method is-config="true" signature="initializeDriver()[pri:0, instance:eventhub.testcases.LoginAndRegisterFlow@36bc55de]" started-at="2026-07-07T14:51:19 IST" name="initializeDriver" finished-at="2026-07-07T14:51:23 IST" duration-ms="4450" status="PASS">
          <reporter-output>
          </reporter-output>
        </test-method> <!-- initializeDriver -->
        <test-method signature="loginFlow(java.util.HashMap)[pri:0, instance:eventhub.testcases.LoginAndRegisterFlow@36bc55de]" started-at="2026-07-07T14:51:24 IST" name="loginFlow" data-provider="getData" finished-at="2026-07-07T14:51:36 IST" duration-ms="12234" status="PASS">
          <params>
            <param index="0">
              <value>
                <![CDATA[{emailidV=testuserexx@example.com, emailIdV=testuserexx@example.com, eventNameV=World Tech Summit, passwordV=SecurePass456!, filePath=C:/Users/sakha/Downloads/download (12).xlsx, firstNameV=Jane, passV=SecurePass456!, confirmPasswordV=SecurePass456!, emailV=jane.doe@example.com, phoneNumberV=9876543210}]]>
              </value>
            </param>
          </params>
          <reporter-output>
          </reporter-output>
        </test-method> <!-- loginFlow -->
        <test-method is-config="true" signature="tearDown()[pri:0, instance:eventhub.testcases.LoginAndRegisterFlow@36bc55de]" started-at="2026-07-07T14:51:36 IST" name="tearDown" finished-at="2026-07-07T14:51:37 IST" duration-ms="545" status="PASS">
          <reporter-output>
          </reporter-output>
        </test-method> <!-- tearDown -->
      </class> <!-- eventhub.testcases.LoginAndRegisterFlow -->
    </test> <!-- Just event hub -->
  </suite> <!-- Only event hub -->
  <suite started-at="2026-07-07T14:51:37 IST" name="Both Event hub and Download file" finished-at="2026-07-07T14:51:48 IST" duration-ms="11293">
    <groups>
    </groups>
    <test started-at="2026-07-07T14:51:37 IST" name="Upload download test" finished-at="2026-07-07T14:51:48 IST" duration-ms="10862">
      <class name="practise.testcases.DownloadAndUploadFile">
        <test-method is-config="true" signature="initializeDriver()[pri:0, instance:practise.testcases.DownloadAndUploadFile@6302bbb1]" started-at="2026-07-07T14:51:37 IST" name="initializeDriver" finished-at="2026-07-07T14:51:39 IST" duration-ms="1547" status="PASS">
          <reporter-output>
          </reporter-output>
        </test-method> <!-- initializeDriver -->
        <test-method signature="downloaduploadfileflow(java.util.HashMap)[pri:0, instance:practise.testcases.DownloadAndUploadFile@6302bbb1]" started-at="2026-07-07T14:51:39 IST" name="downloaduploadfileflow" data-provider="getData" finished-at="2026-07-07T14:51:47 IST" duration-ms="8662" status="PASS">
          <params>
            <param index="0">
              <value>
                <![CDATA[{emailidV=testuserexx@example.com, emailIdV=testuserexx@example.com, eventNameV=World Tech Summit, passwordV=SecurePass456!, filePath=C:/Users/sakha/Downloads/download (12).xlsx, firstNameV=Jane, passV=SecurePass456!, confirmPasswordV=SecurePass456!, emailV=jane.doe@example.com, phoneNumberV=9876543210}]]>
              </value>
            </param>
          </params>
          <reporter-output>
          </reporter-output>
        </test-method> <!-- downloaduploadfileflow -->
        <test-method is-config="true" signature="tearDown()[pri:0, instance:practise.testcases.DownloadAndUploadFile@6302bbb1]" started-at="2026-07-07T14:51:47 IST" name="tearDown" finished-at="2026-07-07T14:51:48 IST" duration-ms="635" status="PASS">
          <reporter-output>
          </reporter-output>
        </test-method> <!-- tearDown -->
      </class> <!-- practise.testcases.DownloadAndUploadFile -->
    </test> <!-- Upload download test -->
    <test started-at="2026-07-07T14:51:37 IST" name="Event hub flow test" finished-at="2026-07-07T14:51:48 IST" duration-ms="11293">
      <class name="eventhub.testcases.LoginAndRegisterFlow">
        <test-method is-config="true" signature="initializeDriver()[pri:0, instance:eventhub.testcases.LoginAndRegisterFlow@313ac989]" started-at="2026-07-07T14:51:37 IST" name="initializeDriver" finished-at="2026-07-07T14:51:39 IST" duration-ms="1577" status="PASS">
          <reporter-output>
          </reporter-output>
        </test-method> <!-- initializeDriver -->
        <test-method signature="loginFlow(java.util.HashMap)[pri:0, instance:eventhub.testcases.LoginAndRegisterFlow@313ac989]" started-at="2026-07-07T14:51:39 IST" name="loginFlow" data-provider="getData" finished-at="2026-07-07T14:51:48 IST" duration-ms="9119" status="PASS">
          <params>
            <param index="0">
              <value>
                <![CDATA[{emailidV=testuserexx@example.com, emailIdV=testuserexx@example.com, eventNameV=World Tech Summit, passwordV=SecurePass456!, filePath=C:/Users/sakha/Downloads/download (12).xlsx, firstNameV=Jane, passV=SecurePass456!, confirmPasswordV=SecurePass456!, emailV=jane.doe@example.com, phoneNumberV=9876543210}]]>
              </value>
            </param>
          </params>
          <reporter-output>
          </reporter-output>
        </test-method> <!-- loginFlow -->
        <test-method is-config="true" signature="tearDown()[pri:0, instance:eventhub.testcases.LoginAndRegisterFlow@313ac989]" started-at="2026-07-07T14:51:48 IST" name="tearDown" finished-at="2026-07-07T14:51:48 IST" duration-ms="573" status="PASS">
          <reporter-output>
          </reporter-output>
        </test-method> <!-- tearDown -->
      </class> <!-- eventhub.testcases.LoginAndRegisterFlow -->
    </test> <!-- Event hub flow test -->
  </suite> <!-- Both Event hub and Download file -->
</testng-results>
