<?xml version="1.0" encoding="UTF-8"?>
<testng-results ignored="0" total="1" passed="1" failed="0" skipped="0">
  <reporter-output>
  </reporter-output>
  <suite started-at="2026-07-20T19:17:27 IST" name="Only event hub" finished-at="2026-07-20T19:17:35 IST" duration-ms="8441">
    <groups>
    </groups>
    <test started-at="2026-07-20T19:17:27 IST" name="Just event hub" finished-at="2026-07-20T19:17:35 IST" duration-ms="8441">
      <class name="eventhub.testcases.LoginAndRegisterFlow">
        <test-method is-config="true" signature="initializeDriver()[pri:0, instance:eventhub.testcases.LoginAndRegisterFlow@2f01783a]" started-at="2026-07-20T19:17:27 IST" name="initializeDriver" finished-at="2026-07-20T19:17:29 IST" duration-ms="2108" status="PASS">
          <reporter-output>
          </reporter-output>
        </test-method> <!-- initializeDriver -->
        <test-method signature="loginFlow(java.util.HashMap)[pri:0, instance:eventhub.testcases.LoginAndRegisterFlow@2f01783a]" started-at="2026-07-20T19:17:29 IST" name="loginFlow" data-provider="getData" finished-at="2026-07-20T19:17:35 IST" duration-ms="5321" status="PASS">
          <params>
            <param index="0">
              <value>
                <![CDATA[{emailidV=testuserexx@example.com, emailIdV=testuserexx@example.com, eventNameV=World Tech Summit, passwordV=SecurePass456!, filePath=C:/Users/sakha/Downloads/download (12).xlsx, firstNameV=Jane, passV=SecurePass456!, confirmPasswordV=SecurePass456!, emailV=jane.doe@example.com, phoneNumberV=9876543210}]]>
              </value>
            </param>
          </params>
          <reporter-output>
          </reporter-output>
        </test-method> <!-- loginFlow -->
        <test-method is-config="true" signature="tearDown()[pri:0, instance:eventhub.testcases.LoginAndRegisterFlow@2f01783a]" started-at="2026-07-20T19:17:35 IST" name="tearDown" finished-at="2026-07-20T19:17:35 IST" duration-ms="444" status="PASS">
          <reporter-output>
          </reporter-output>
        </test-method> <!-- tearDown -->
      </class> <!-- eventhub.testcases.LoginAndRegisterFlow -->
    </test> <!-- Just event hub -->
  </suite> <!-- Only event hub -->
</testng-results>
