<?xml version="1.0" encoding="UTF-8"?>
<!-- Generated by org.testng.reporters.JUnitReportReporter -->
<testsuite hostname="LAPTOP-NPOG3751" failures="0" tests="2" name="eventhub.testcases.LoginAndRegisterFlow" time="21.353" errors="0" timestamp="2026-07-07T14:51:49 IST" skipped="0">
  <testcase classname="eventhub.testcases.LoginAndRegisterFlow" name="loginFlow" time="9.119"/>
  <testcase classname="eventhub.testcases.LoginAndRegisterFlow" name="loginFlow" time="12.234"/>
</testsuite> <!-- eventhub.testcases.LoginAndRegisterFlow -->
